This file contains any messages produced by compilers while
running configure, to aid debugging if configure makes a mistake.

It was created by protobuf-plugin-swift configure 1.0, which was
generated by GNU Autoconf 2.69.  Invocation command line was

  $ ./configure CXXFLAGS=-I/usr/local/include LDFLAGS=-L/usr/local/lib

## --------- ##
## Platform. ##
## --------- ##

hostname = iMac-Aleksej.local
uname -m = x86_64
uname -r = 19.6.0
uname -s = Darwin
uname -v = Darwin Kernel Version 19.6.0: Mon Aug 31 22:12:52 PDT 2020; root:xnu-6153.141.2~1/RELEASE_X86_64

/usr/bin/uname -p = i386
/bin/uname -X     = unknown

/bin/arch              = unknown
/usr/bin/arch -k       = unknown
/usr/convex/getsysinfo = unknown
/usr/bin/hostinfo      = Mach kernel version:
	 Darwin Kernel Version 19.6.0: Mon Aug 31 22:12:52 PDT 2020; root:xnu-6153.141.2~1/RELEASE_X86_64
Kernel configured for up to 16 processors.
8 processors are physically available.
16 processors are logically available.
Processor type: x86_64h (Intel x86-64h Haswell)
Processors active: 0 1 2 3 4 5 6 7 8 9 10 11 12 13 14 15
Primary memory available: 24.00 gigabytes
Default processor set: 1051 tasks, 5465 threads, 16 processors
Load average: 3.98, Mach factor: 12.01
/bin/machine           = unknown
/usr/bin/oslevel       = unknown
/bin/universe          = unknown

PATH: /usr/local/bin
PATH: /usr/bin
PATH: /bin
PATH: /usr/sbin
PATH: /sbin
PATH: /Library/Apple/usr/bin
PATH: /Library/Frameworks/Mono.framework/Versions/Current/Commands


## ----------- ##
## Core tests. ##
## ----------- ##

configure:2503: checking build system type
configure:2517: result: x86_64-apple-darwin19.6.0
configure:2537: checking host system type
configure:2550: result: x86_64-apple-darwin19.6.0
configure:2570: checking target system type
configure:2583: result: x86_64-apple-darwin19.6.0
configure:2625: checking for a BSD-compatible install
configure:2693: result: /usr/bin/install -c
configure:2704: checking whether build environment is sane
configure:2759: result: yes
configure:2910: checking for a thread-safe mkdir -p
configure:2949: result: ./install-sh -c -d
configure:2956: checking for gawk
configure:2986: result: no
configure:2956: checking for mawk
configure:2986: result: no
configure:2956: checking for nawk
configure:2986: result: no
configure:2956: checking for awk
configure:2972: found /usr/bin/awk
configure:2983: result: awk
configure:2994: checking whether make sets $(MAKE)
configure:3016: result: yes
configure:3045: checking whether make supports nested variables
configure:3062: result: yes
configure:3238: checking for gcc
configure:3254: found /usr/bin/gcc
configure:3265: result: gcc
configure:3494: checking for C compiler version
configure:3503: gcc --version >&5
Apple clang version 12.0.0 (clang-1200.0.32.2)
Target: x86_64-apple-darwin19.6.0
Thread model: posix
InstalledDir: /Applications/Xcode_12.app/Contents/Developer/Toolchains/XcodeDefault.xctoolchain/usr/bin
Configured with: --prefix=/Applications/Xcode_12.app/Contents/Developer/usr --with-gxx-include-dir=/Applications/Xcode_12.app/Contents/Developer/Platforms/MacOSX.platform/Developer/SDKs/MacOSX.sdk/usr/include/c++/4.2.1
configure:3514: $? = 0
configure:3503: gcc -v >&5
Configured with: --prefix=/Applications/Xcode_12.app/Contents/Developer/usr --with-gxx-include-dir=/Applications/Xcode_12.app/Contents/Developer/Platforms/MacOSX.platform/Developer/SDKs/MacOSX.sdk/usr/include/c++/4.2.1
Apple clang version 12.0.0 (clang-1200.0.32.2)
Target: x86_64-apple-darwin19.6.0
Thread model: posix
InstalledDir: /Applications/Xcode_12.app/Contents/Developer/Toolchains/XcodeDefault.xctoolchain/usr/bin
configure:3514: $? = 0
configure:3503: gcc -V >&5
clang: error: argument to '-V' is missing (expected 1 value)
clang: error: no input files
configure:3514: $? = 1
configure:3503: gcc -qversion >&5
clang: error: unknown argument '-qversion'; did you mean '--version'?
clang: error: no input files
configure:3514: $? = 1
configure:3534: checking whether the C compiler works
configure:3556: gcc   -L/usr/local/lib conftest.c  >&5
configure:3560: $? = 0
configure:3608: result: yes
configure:3611: checking for C compiler default output file name
configure:3613: result: a.out
configure:3619: checking for suffix of executables
configure:3626: gcc -o conftest   -L/usr/local/lib conftest.c  >&5
configure:3630: $? = 0
configure:3652: result: 
configure:3674: checking whether we are cross compiling
configure:3682: gcc -o conftest   -L/usr/local/lib conftest.c  >&5
configure:3686: $? = 0
configure:3693: ./conftest
configure:3697: $? = 0
configure:3712: result: no
configure:3717: checking for suffix of object files
configure:3739: gcc -c   conftest.c >&5
configure:3743: $? = 0
configure:3764: result: o
configure:3768: checking whether we are using the GNU C compiler
configure:3787: gcc -c   conftest.c >&5
configure:3787: $? = 0
configure:3796: result: yes
configure:3805: checking whether gcc accepts -g
configure:3825: gcc -c -g  conftest.c >&5
configure:3825: $? = 0
configure:3866: result: yes
configure:3883: checking for gcc option to accept ISO C89
configure:3946: gcc  -c -g -O2  conftest.c >&5
configure:3946: $? = 0
configure:3959: result: none needed
configure:3984: checking whether gcc understands -c and -o together
configure:4006: gcc -c conftest.c -o conftest2.o
configure:4009: $? = 0
configure:4006: gcc -c conftest.c -o conftest2.o
configure:4009: $? = 0
configure:4021: result: yes
configure:4041: checking whether make supports the include directive
configure:4056: make -f confmf.GNU && cat confinc.out
this is the am__doit target
configure:4059: $? = 0
configure:4078: result: yes (GNU style)
configure:4103: checking dependency style of gcc
configure:4214: result: gcc3
configure:4287: checking for g++
configure:4303: found /usr/bin/g++
configure:4314: result: g++
configure:4341: checking for C++ compiler version
configure:4350: g++ --version >&5
Apple clang version 12.0.0 (clang-1200.0.32.2)
Target: x86_64-apple-darwin19.6.0
Thread model: posix
InstalledDir: /Applications/Xcode_12.app/Contents/Developer/Toolchains/XcodeDefault.xctoolchain/usr/bin
Configured with: --prefix=/Applications/Xcode_12.app/Contents/Developer/usr --with-gxx-include-dir=/Applications/Xcode_12.app/Contents/Developer/Platforms/MacOSX.platform/Developer/SDKs/MacOSX.sdk/usr/include/c++/4.2.1
configure:4361: $? = 0
configure:4350: g++ -v >&5
Configured with: --prefix=/Applications/Xcode_12.app/Contents/Developer/usr --with-gxx-include-dir=/Applications/Xcode_12.app/Contents/Developer/Platforms/MacOSX.platform/Developer/SDKs/MacOSX.sdk/usr/include/c++/4.2.1
Apple clang version 12.0.0 (clang-1200.0.32.2)
Target: x86_64-apple-darwin19.6.0
Thread model: posix
InstalledDir: /Applications/Xcode_12.app/Contents/Developer/Toolchains/XcodeDefault.xctoolchain/usr/bin
configure:4361: $? = 0
configure:4350: g++ -V >&5
clang: error: argument to '-V' is missing (expected 1 value)
clang: error: no input files
configure:4361: $? = 1
configure:4350: g++ -qversion >&5
clang: error: unknown argument '-qversion'; did you mean '--version'?
clang: error: no input files
configure:4361: $? = 1
configure:4365: checking whether we are using the GNU C++ compiler
configure:4384: g++ -c -I/usr/local/include  conftest.cpp >&5
configure:4384: $? = 0
configure:4393: result: yes
configure:4402: checking whether g++ accepts -g
configure:4422: g++ -c -g  conftest.cpp >&5
configure:4422: $? = 0
configure:4463: result: yes
configure:4488: checking dependency style of g++
configure:4599: result: gcc3
configure:4621: checking C++ compiler flags...
configure:4632: result: use user-supplied: -I/usr/local/include
configure:4683: checking how to print strings
configure:4710: result: printf
configure:4731: checking for a sed that does not truncate output
configure:4795: result: /usr/bin/sed
configure:4813: checking for grep that handles long lines and -e
configure:4871: result: /usr/bin/grep
configure:4876: checking for egrep
configure:4938: result: /usr/bin/grep -E
configure:4943: checking for fgrep
configure:5005: result: /usr/bin/grep -F
configure:5040: checking for ld used by gcc
configure:5107: result: /Applications/Xcode_12.app/Contents/Developer/Toolchains/XcodeDefault.xctoolchain/usr/bin/ld
configure:5114: checking if the linker (/Applications/Xcode_12.app/Contents/Developer/Toolchains/XcodeDefault.xctoolchain/usr/bin/ld) is GNU ld
configure:5129: result: no
configure:5141: checking for BSD- or MS-compatible name lister (nm)
configure:5195: result: /usr/bin/nm -B
configure:5325: checking the name lister (/usr/bin/nm -B) interface
configure:5332: g++ -c -I/usr/local/include  conftest.cpp >&5
configure:5335: /usr/bin/nm -B "conftest.o"
configure:5338: output
0000000000000000 S _some_variable
configure:5345: result: BSD nm
configure:5348: checking whether ln -s works
configure:5352: result: yes
configure:5360: checking the maximum length of command line arguments
configure:5491: result: 196608
configure:5539: checking how to convert x86_64-apple-darwin19.6.0 file names to x86_64-apple-darwin19.6.0 format
configure:5579: result: func_convert_file_noop
configure:5586: checking how to convert x86_64-apple-darwin19.6.0 file names to toolchain format
configure:5606: result: func_convert_file_noop
configure:5613: checking for /Applications/Xcode_12.app/Contents/Developer/Toolchains/XcodeDefault.xctoolchain/usr/bin/ld option to reload object files
configure:5620: result: -r
configure:5694: checking for objdump
configure:5710: found /usr/bin/objdump
configure:5721: result: objdump
configure:5753: checking how to recognize dependent libraries
configure:5953: result: pass_all
configure:6038: checking for dlltool
configure:6068: result: no
configure:6098: checking how to associate runtime and link libraries
configure:6125: result: printf %s\n
configure:6186: checking for ar
configure:6202: found /usr/bin/ar
configure:6213: result: ar
configure:6250: checking for archiver @FILE support
configure:6267: g++ -c -I/usr/local/include  conftest.cpp >&5
configure:6267: $? = 0
configure:6270: ar cru libconftest.a @conftest.lst >&5
ar: @conftest.lst: No such file or directory
configure:6273: $? = 1
configure:6293: result: no
configure:6351: checking for strip
configure:6367: found /usr/bin/strip
configure:6378: result: strip
configure:6450: checking for ranlib
configure:6466: found /usr/bin/ranlib
configure:6477: result: ranlib
configure:6579: checking command to parse /usr/bin/nm -B output from gcc object
configure:6732: g++ -c -I/usr/local/include  conftest.cpp >&5
configure:6735: $? = 0
configure:6739: /usr/bin/nm -B conftest.o \| sed -n -e 's/^.*[ ]\([BCDEGRST][BCDEGRST]*\)[ ][ ]*\([_A-Za-z][_A-Za-z0-9]*\)$/\1 \2 \2/p' | sed '/ __gnu_lto/d' \> conftest.nm
configure:6742: $? = 0
cannot find nm_test_var in conftest.nm
configure:6732: g++ -c -I/usr/local/include  conftest.cpp >&5
configure:6735: $? = 0
configure:6739: /usr/bin/nm -B conftest.o \| sed -n -e 's/^.*[ ]\([BCDEGRST][BCDEGRST]*\)[ ][ ]*_\([_A-Za-z][_A-Za-z0-9]*\)$/\1 _\2 \2/p' | sed '/ __gnu_lto/d' \> conftest.nm
configure:6742: $? = 0
configure:6808: g++ -o conftest -I/usr/local/include  -L/usr/local/lib conftest.cpp conftstm.o >&5
configure:6811: $? = 0
configure:6849: result: ok
configure:6896: checking for sysroot
configure:6926: result: no
configure:6933: checking for a working dd
configure:6971: result: /bin/dd
configure:6975: checking how to truncate binary pipes
configure:6990: result: /bin/dd bs=4096 count=1
configure:7320: checking for mt
configure:7350: result: no
configure:7370: checking if : is a manifest tool
configure:7376: : '-?'
configure:7384: result: no
configure:7440: checking for dsymutil
configure:7456: found /usr/bin/dsymutil
configure:7467: result: dsymutil
configure:7532: checking for nmedit
configure:7548: found /usr/bin/nmedit
configure:7559: result: nmedit
configure:7624: checking for lipo
configure:7640: found /usr/bin/lipo
configure:7651: result: lipo
configure:7716: checking for otool
configure:7732: found /usr/bin/otool
configure:7743: result: otool
configure:7808: checking for otool64
configure:7838: result: no
configure:7883: checking for -single_module linker flag
gcc -g -O2 -L/usr/local/lib -o libconftest.dylib -dynamiclib -Wl,-single_module conftest.c
configure:7916: result: yes
configure:7919: checking for -exported_symbols_list linker flag
configure:7939: g++ -o conftest -I/usr/local/include  -L/usr/local/lib -Wl,-exported_symbols_list,conftest.sym conftest.cpp  >&5
configure:7939: $? = 0
configure:7949: result: yes
configure:7952: checking for -force_load linker flag
gcc -g -O2 -c -o conftest.o conftest.c
ar cru libconftest.a conftest.o
ranlib libconftest.a
gcc -g -O2 -L/usr/local/lib -o conftest conftest.c -Wl,-force_load,./libconftest.a
configure:7984: result: yes
configure:8056: checking how to run the C preprocessor
configure:8087: gcc -E  conftest.c
configure:8087: $? = 0
configure:8101: gcc -E  conftest.c
conftest.c:11:10: fatal error: 'ac_nonexistent.h' file not found
#include <ac_nonexistent.h>
         ^~~~~~~~~~~~~~~~~~
1 error generated.
configure:8101: $? = 1
configure: failed program was:
| /* confdefs.h */
| #define PACKAGE_NAME "protobuf-plugin-swift"
| #define PACKAGE_TARNAME "protobuf-plugin-swift"
| #define PACKAGE_VERSION "1.0"
| #define PACKAGE_STRING "protobuf-plugin-swift 1.0"
| #define PACKAGE_BUGREPORT "alexeyxo.gmail.com"
| #define PACKAGE_URL ""
| #define PACKAGE "protobuf-plugin-swift"
| #define VERSION "1.0"
| /* end confdefs.h.  */
| #include <ac_nonexistent.h>
configure:8126: result: gcc -E
configure:8146: gcc -E  conftest.c
configure:8146: $? = 0
configure:8160: gcc -E  conftest.c
conftest.c:11:10: fatal error: 'ac_nonexistent.h' file not found
#include <ac_nonexistent.h>
         ^~~~~~~~~~~~~~~~~~
1 error generated.
configure:8160: $? = 1
configure: failed program was:
| /* confdefs.h */
| #define PACKAGE_NAME "protobuf-plugin-swift"
| #define PACKAGE_TARNAME "protobuf-plugin-swift"
| #define PACKAGE_VERSION "1.0"
| #define PACKAGE_STRING "protobuf-plugin-swift 1.0"
| #define PACKAGE_BUGREPORT "alexeyxo.gmail.com"
| #define PACKAGE_URL ""
| #define PACKAGE "protobuf-plugin-swift"
| #define VERSION "1.0"
| /* end confdefs.h.  */
| #include <ac_nonexistent.h>
configure:8189: checking for ANSI C header files
configure:8209: gcc -c -g -O2  conftest.c >&5
configure:8209: $? = 0
configure:8282: gcc -o conftest -g -O2  -L/usr/local/lib conftest.c  >&5
configure:8282: $? = 0
configure:8282: ./conftest
configure:8282: $? = 0
configure:8293: result: yes
configure:8306: checking for sys/types.h
configure:8306: gcc -c -g -O2  conftest.c >&5
configure:8306: $? = 0
configure:8306: result: yes
configure:8306: checking for sys/stat.h
configure:8306: gcc -c -g -O2  conftest.c >&5
configure:8306: $? = 0
configure:8306: result: yes
configure:8306: checking for stdlib.h
configure:8306: gcc -c -g -O2  conftest.c >&5
configure:8306: $? = 0
configure:8306: result: yes
configure:8306: checking for string.h
configure:8306: gcc -c -g -O2  conftest.c >&5
configure:8306: $? = 0
configure:8306: result: yes
configure:8306: checking for memory.h
configure:8306: gcc -c -g -O2  conftest.c >&5
configure:8306: $? = 0
configure:8306: result: yes
configure:8306: checking for strings.h
configure:8306: gcc -c -g -O2  conftest.c >&5
configure:8306: $? = 0
configure:8306: result: yes
configure:8306: checking for inttypes.h
configure:8306: gcc -c -g -O2  conftest.c >&5
configure:8306: $? = 0
configure:8306: result: yes
configure:8306: checking for stdint.h
configure:8306: gcc -c -g -O2  conftest.c >&5
configure:8306: $? = 0
configure:8306: result: yes
configure:8306: checking for unistd.h
configure:8306: gcc -c -g -O2  conftest.c >&5
configure:8306: $? = 0
configure:8306: result: yes
configure:8320: checking for dlfcn.h
configure:8320: gcc -c -g -O2  conftest.c >&5
configure:8320: $? = 0
configure:8320: result: yes
configure:8586: checking for objdir
configure:8601: result: .libs
configure:8865: checking if gcc supports -fno-rtti -fno-exceptions
configure:8883: gcc -c -g -O2  -fno-rtti -fno-exceptions conftest.c >&5
configure:8887: $? = 0
configure:8900: result: yes
configure:9258: checking for gcc option to produce PIC
configure:9265: result: -fno-common -DPIC
configure:9273: checking if gcc PIC flag -fno-common -DPIC works
configure:9291: gcc -c -g -O2  -fno-common -DPIC -DPIC conftest.c >&5
configure:9295: $? = 0
configure:9308: result: yes
configure:9337: checking if gcc static flag -static works
configure:9365: result: no
configure:9380: checking if gcc supports -c -o file.o
configure:9401: gcc -c -g -O2  -o out/conftest2.o conftest.c >&5
configure:9405: $? = 0
configure:9427: result: yes
configure:9435: checking if gcc supports -c -o file.o
configure:9482: result: yes
configure:9515: checking whether the gcc linker (/Applications/Xcode_12.app/Contents/Developer/Toolchains/XcodeDefault.xctoolchain/usr/bin/ld) supports shared libraries
configure:10774: result: yes
configure:11014: checking dynamic linker characteristics
configure:11832: result: darwin19.6.0 dyld
configure:11954: checking how to hardcode library paths into programs
configure:11979: result: immediate
configure:12527: checking whether stripping libraries is possible
configure:12541: result: yes
configure:12567: checking if libtool supports shared libraries
configure:12569: result: yes
configure:12572: checking whether to build shared libraries
configure:12597: result: yes
configure:12600: checking whether to build static libraries
configure:12604: result: yes
configure:12627: checking how to run the C++ preprocessor
configure:12654: g++ -E  conftest.cpp
configure:12654: $? = 0
configure:12668: g++ -E  conftest.cpp
conftest.cpp:23:10: fatal error: 'ac_nonexistent.h' file not found
#include <ac_nonexistent.h>
         ^~~~~~~~~~~~~~~~~~
1 error generated.
configure:12668: $? = 1
configure: failed program was:
| /* confdefs.h */
| #define PACKAGE_NAME "protobuf-plugin-swift"
| #define PACKAGE_TARNAME "protobuf-plugin-swift"
| #define PACKAGE_VERSION "1.0"
| #define PACKAGE_STRING "protobuf-plugin-swift 1.0"
| #define PACKAGE_BUGREPORT "alexeyxo.gmail.com"
| #define PACKAGE_URL ""
| #define PACKAGE "protobuf-plugin-swift"
| #define VERSION "1.0"
| #define STDC_HEADERS 1
| #define HAVE_SYS_TYPES_H 1
| #define HAVE_SYS_STAT_H 1
| #define HAVE_STDLIB_H 1
| #define HAVE_STRING_H 1
| #define HAVE_MEMORY_H 1
| #define HAVE_STRINGS_H 1
| #define HAVE_INTTYPES_H 1
| #define HAVE_STDINT_H 1
| #define HAVE_UNISTD_H 1
| #define HAVE_DLFCN_H 1
| #define LT_OBJDIR ".libs/"
| /* end confdefs.h.  */
| #include <ac_nonexistent.h>
configure:12693: result: g++ -E
configure:12713: g++ -E  conftest.cpp
configure:12713: $? = 0
configure:12727: g++ -E  conftest.cpp
conftest.cpp:23:10: fatal error: 'ac_nonexistent.h' file not found
#include <ac_nonexistent.h>
         ^~~~~~~~~~~~~~~~~~
1 error generated.
configure:12727: $? = 1
configure: failed program was:
| /* confdefs.h */
| #define PACKAGE_NAME "protobuf-plugin-swift"
| #define PACKAGE_TARNAME "protobuf-plugin-swift"
| #define PACKAGE_VERSION "1.0"
| #define PACKAGE_STRING "protobuf-plugin-swift 1.0"
| #define PACKAGE_BUGREPORT "alexeyxo.gmail.com"
| #define PACKAGE_URL ""
| #define PACKAGE "protobuf-plugin-swift"
| #define VERSION "1.0"
| #define STDC_HEADERS 1
| #define HAVE_SYS_TYPES_H 1
| #define HAVE_SYS_STAT_H 1
| #define HAVE_STDLIB_H 1
| #define HAVE_STRING_H 1
| #define HAVE_MEMORY_H 1
| #define HAVE_STRINGS_H 1
| #define HAVE_INTTYPES_H 1
| #define HAVE_STDINT_H 1
| #define HAVE_UNISTD_H 1
| #define HAVE_DLFCN_H 1
| #define LT_OBJDIR ".libs/"
| /* end confdefs.h.  */
| #include <ac_nonexistent.h>
configure:12889: checking for ld used by g++
configure:12956: result: /Applications/Xcode_12.app/Contents/Developer/Toolchains/XcodeDefault.xctoolchain/usr/bin/ld
configure:12963: checking if the linker (/Applications/Xcode_12.app/Contents/Developer/Toolchains/XcodeDefault.xctoolchain/usr/bin/ld) is GNU ld
configure:12978: result: no
configure:13033: checking whether the g++ linker (/Applications/Xcode_12.app/Contents/Developer/Toolchains/XcodeDefault.xctoolchain/usr/bin/ld) supports shared libraries
configure:14106: result: yes
configure:14142: g++ -c -I/usr/local/include  conftest.cpp >&5
configure:14145: $? = 0
configure:14626: checking for g++ option to produce PIC
configure:14633: result: -fno-common -DPIC
configure:14641: checking if g++ PIC flag -fno-common -DPIC works
configure:14659: g++ -c -I/usr/local/include  -fno-common -DPIC -DPIC conftest.cpp >&5
configure:14663: $? = 0
configure:14676: result: yes
configure:14699: checking if g++ static flag -static works
configure:14727: result: no
configure:14739: checking if g++ supports -c -o file.o
configure:14760: g++ -c -I/usr/local/include  -o out/conftest2.o conftest.cpp >&5
configure:14764: $? = 0
configure:14786: result: yes
configure:14791: checking if g++ supports -c -o file.o
configure:14838: result: yes
configure:14868: checking whether the g++ linker (/Applications/Xcode_12.app/Contents/Developer/Toolchains/XcodeDefault.xctoolchain/usr/bin/ld) supports shared libraries
configure:14908: result: yes
configure:15049: checking dynamic linker characteristics
configure:15794: result: darwin19.6.0 dyld
configure:15859: checking how to hardcode library paths into programs
configure:15884: result: immediate
configure:15948: checking for ANSI C header files
configure:16052: result: yes
configure:16063: checking fcntl.h usability
configure:16063: g++ -c -I/usr/local/include  conftest.cpp >&5
configure:16063: $? = 0
configure:16063: result: yes
configure:16063: checking fcntl.h presence
configure:16063: g++ -E  conftest.cpp
configure:16063: $? = 0
configure:16063: result: yes
configure:16063: checking for fcntl.h
configure:16063: result: yes
configure:16063: checking for inttypes.h
configure:16063: result: yes
configure:16063: checking limits.h usability
configure:16063: g++ -c -I/usr/local/include  conftest.cpp >&5
configure:16063: $? = 0
configure:16063: result: yes
configure:16063: checking limits.h presence
configure:16063: g++ -E  conftest.cpp
configure:16063: $? = 0
configure:16063: result: yes
configure:16063: checking for limits.h
configure:16063: result: yes
configure:16063: checking for stdlib.h
configure:16063: result: yes
configure:16063: checking for unistd.h
configure:16063: result: yes
configure:16075: checking for working memcmp
configure:16118: g++ -o conftest -I/usr/local/include  -L/usr/local/lib conftest.cpp  >&5
configure:16118: $? = 0
configure:16118: ./conftest
configure:16118: $? = 0
configure:16128: result: yes
configure:16137: checking for working strtod
configure:16178: g++ -o conftest -I/usr/local/include  -L/usr/local/lib conftest.cpp  >&5
conftest.cpp:71:20: warning: conversion from string literal to 'char *' is deprecated [-Wc++11-compat-deprecated-writable-strings]
    char *string = " +69";
                   ^
conftest.cpp:82:20: warning: conversion from string literal to 'char *' is deprecated [-Wc++11-compat-deprecated-writable-strings]
    char *string = "NaN";
                   ^
2 warnings generated.
configure:16178: $? = 0
configure:16178: ./conftest
configure:16178: $? = 0
configure:16188: result: yes
configure:16253: checking for ftruncate
configure:16253: g++ -o conftest -I/usr/local/include  -L/usr/local/lib conftest.cpp  >&5
configure:16253: $? = 0
configure:16253: result: yes
configure:16253: checking for memset
configure:16253: g++ -o conftest -I/usr/local/include  -L/usr/local/lib conftest.cpp  >&5
configure:16253: $? = 0
configure:16253: result: yes
configure:16253: checking for mkdir
configure:16253: g++ -o conftest -I/usr/local/include  -L/usr/local/lib conftest.cpp  >&5
configure:16253: $? = 0
configure:16253: result: yes
configure:16253: checking for strchr
configure:16253: g++ -o conftest -I/usr/local/include  -L/usr/local/lib conftest.cpp  >&5
configure:16253: $? = 0
configure:16253: result: yes
configure:16253: checking for strerror
configure:16253: g++ -o conftest -I/usr/local/include  -L/usr/local/lib conftest.cpp  >&5
configure:16253: $? = 0
configure:16253: result: yes
configure:16253: checking for strtol
configure:16253: g++ -o conftest -I/usr/local/include  -L/usr/local/lib conftest.cpp  >&5
configure:16253: $? = 0
configure:16253: result: yes
configure:16279: g++ -o conftest -I/usr/local/include  -L/usr/local/lib conftest.cpp  -lprotoc -lprotobuf -lpthread >&5
In file included from conftest.cpp:35:
In file included from /usr/local/include/google/protobuf/compiler/command_line_interface.h:50:
In file included from /usr/local/include/google/protobuf/stubs/common.h:46:
In file included from /usr/local/include/google/protobuf/stubs/macros.h:34:
/usr/local/include/google/protobuf/stubs/port.h:114:2: error: "Protobuf requires at least C++11."
#error "Protobuf requires at least C++11."
 ^
/usr/local/include/google/protobuf/stubs/port.h:120:26: warning: alias declarations are a C++11 extension [-Wc++11-extensions]
using ConstStringParam = const std::string &;
                         ^
In file included from conftest.cpp:35:
In file included from /usr/local/include/google/protobuf/compiler/command_line_interface.h:50:
In file included from /usr/local/include/google/protobuf/stubs/common.h:49:
/usr/local/include/google/protobuf/stubs/stringpiece.h:315:3: warning: explicit conversion functions are a C++11 extension [-Wc++11-extensions]
  explicit operator std::string() const { return ToString(); }
  ^~~~~~~~
/usr/local/include/google/protobuf/stubs/stringpiece.h:464:3: warning: explicit conversion functions are a C++11 extension [-Wc++11-extensions]
  explicit operator std::string() const { return ToString(); }
  ^~~~~~~~
In file included from conftest.cpp:35:
In file included from /usr/local/include/google/protobuf/compiler/command_line_interface.h:50:
/usr/local/include/google/protobuf/stubs/common.h:167:3: warning: 'auto' type specifier is a C++11 extension [-Wc++11-extensions]
  auto volatile unused = &var;
  ^
In file included from conftest.cpp:35:
/usr/local/include/google/protobuf/compiler/command_line_interface.h:212:79: error: a space is required between consecutive right angle brackets (use '> >')
  typedef std::unordered_map<std::string, std::unique_ptr<GeneratorContextImpl>>
                                                                              ^~
                                                                              > >
/usr/local/include/google/protobuf/compiler/command_line_interface.h:384:14: warning: in-class initialization of non-static data member is a C++11 extension [-Wc++11-extensions]
  Mode mode_ = MODE_COMPILE;
             ^
/usr/local/include/google/protobuf/compiler/command_line_interface.h:391:25: warning: in-class initialization of non-static data member is a C++11 extension [-Wc++11-extensions]
  PrintMode print_mode_ = PRINT_NONE;
                        ^
/usr/local/include/google/protobuf/compiler/command_line_interface.h:398:29: warning: in-class initialization of non-static data member is a C++11 extension [-Wc++11-extensions]
  ErrorFormat error_format_ = ERROR_FORMAT_GCC;
                            ^
/usr/local/include/google/protobuf/compiler/command_line_interface.h:407:44: warning: in-class initialization of non-static data member is a C++11 extension [-Wc++11-extensions]
  bool direct_dependencies_explicitly_set_ = false;
                                           ^
/usr/local/include/google/protobuf/compiler/command_line_interface.h:446:39: warning: in-class initialization of non-static data member is a C++11 extension [-Wc++11-extensions]
  bool source_info_in_descriptor_set_ = false;
                                      ^
/usr/local/include/google/protobuf/compiler/command_line_interface.h:449:27: warning: in-class initialization of non-static data member is a C++11 extension [-Wc++11-extensions]
  bool disallow_services_ = false;
                          ^
/usr/local/include/google/protobuf/compiler/command_line_interface.h:452:31: warning: in-class initialization of non-static data member is a C++11 extension [-Wc++11-extensions]
  bool allow_proto3_optional_ = false;
                              ^
11 warnings and 2 errors generated.
configure:16279: $? = 1
configure: failed program was:
| /* confdefs.h */
| #define PACKAGE_NAME "protobuf-plugin-swift"
| #define PACKAGE_TARNAME "protobuf-plugin-swift"
| #define PACKAGE_VERSION "1.0"
| #define PACKAGE_STRING "protobuf-plugin-swift 1.0"
| #define PACKAGE_BUGREPORT "alexeyxo.gmail.com"
| #define PACKAGE_URL ""
| #define PACKAGE "protobuf-plugin-swift"
| #define VERSION "1.0"
| #define STDC_HEADERS 1
| #define HAVE_SYS_TYPES_H 1
| #define HAVE_SYS_STAT_H 1
| #define HAVE_STDLIB_H 1
| #define HAVE_STRING_H 1
| #define HAVE_MEMORY_H 1
| #define HAVE_STRINGS_H 1
| #define HAVE_INTTYPES_H 1
| #define HAVE_STDINT_H 1
| #define HAVE_UNISTD_H 1
| #define HAVE_DLFCN_H 1
| #define LT_OBJDIR ".libs/"
| #define STDC_HEADERS 1
| #define HAVE_FCNTL_H 1
| #define HAVE_INTTYPES_H 1
| #define HAVE_LIMITS_H 1
| #define HAVE_STDLIB_H 1
| #define HAVE_UNISTD_H 1
| #define HAVE_FTRUNCATE 1
| #define HAVE_MEMSET 1
| #define HAVE_MKDIR 1
| #define HAVE_STRCHR 1
| #define HAVE_STRERROR 1
| #define HAVE_STRTOL 1
| /* end confdefs.h.  */
| #include <google/protobuf/compiler/command_line_interface.h>
| int
| main ()
| {
| google::protobuf::compiler::CommandLineInterface cli;
|   ;
|   return 0;
| }
configure:16282: error: 
ERROR:
protobuf test program failed to link:
perhaps you need to add -Llibdir to your LDFLAGS.

## ---------------- ##
## Cache variables. ##
## ---------------- ##

ac_cv_build=x86_64-apple-darwin19.6.0
ac_cv_c_compiler_gnu=yes
ac_cv_cxx_compiler_gnu=yes
ac_cv_env_CCC_set=
ac_cv_env_CCC_value=
ac_cv_env_CC_set=
ac_cv_env_CC_value=
ac_cv_env_CFLAGS_set=
ac_cv_env_CFLAGS_value=
ac_cv_env_CPPFLAGS_set=
ac_cv_env_CPPFLAGS_value=
ac_cv_env_CPP_set=
ac_cv_env_CPP_value=
ac_cv_env_CXXCPP_set=
ac_cv_env_CXXCPP_value=
ac_cv_env_CXXFLAGS_set=set
ac_cv_env_CXXFLAGS_value=-I/usr/local/include
ac_cv_env_CXX_set=
ac_cv_env_CXX_value=
ac_cv_env_LDFLAGS_set=set
ac_cv_env_LDFLAGS_value=-L/usr/local/lib
ac_cv_env_LIBS_set=
ac_cv_env_LIBS_value=
ac_cv_env_LT_SYS_LIBRARY_PATH_set=
ac_cv_env_LT_SYS_LIBRARY_PATH_value=
ac_cv_env_build_alias_set=
ac_cv_env_build_alias_value=
ac_cv_env_host_alias_set=
ac_cv_env_host_alias_value=
ac_cv_env_target_alias_set=
ac_cv_env_target_alias_value=
ac_cv_func_ftruncate=yes
ac_cv_func_memcmp_working=yes
ac_cv_func_memset=yes
ac_cv_func_mkdir=yes
ac_cv_func_strchr=yes
ac_cv_func_strerror=yes
ac_cv_func_strtod=yes
ac_cv_func_strtol=yes
ac_cv_header_dlfcn_h=yes
ac_cv_header_fcntl_h=yes
ac_cv_header_inttypes_h=yes
ac_cv_header_limits_h=yes
ac_cv_header_memory_h=yes
ac_cv_header_stdc=yes
ac_cv_header_stdint_h=yes
ac_cv_header_stdlib_h=yes
ac_cv_header_string_h=yes
ac_cv_header_strings_h=yes
ac_cv_header_sys_stat_h=yes
ac_cv_header_sys_types_h=yes
ac_cv_header_unistd_h=yes
ac_cv_host=x86_64-apple-darwin19.6.0
ac_cv_objext=o
ac_cv_path_EGREP='/usr/bin/grep -E'
ac_cv_path_FGREP='/usr/bin/grep -F'
ac_cv_path_GREP=/usr/bin/grep
ac_cv_path_SED=/usr/bin/sed
ac_cv_path_install='/usr/bin/install -c'
ac_cv_path_lt_DD=/bin/dd
ac_cv_prog_AWK=awk
ac_cv_prog_CPP='gcc -E'
ac_cv_prog_CXXCPP='g++ -E'
ac_cv_prog_ac_ct_AR=ar
ac_cv_prog_ac_ct_CC=gcc
ac_cv_prog_ac_ct_CXX=g++
ac_cv_prog_ac_ct_DSYMUTIL=dsymutil
ac_cv_prog_ac_ct_LIPO=lipo
ac_cv_prog_ac_ct_NMEDIT=nmedit
ac_cv_prog_ac_ct_OBJDUMP=objdump
ac_cv_prog_ac_ct_OTOOL=otool
ac_cv_prog_ac_ct_RANLIB=ranlib
ac_cv_prog_ac_ct_STRIP=strip
ac_cv_prog_cc_c89=
ac_cv_prog_cc_g=yes
ac_cv_prog_cxx_g=yes
ac_cv_prog_make_make_set=yes
ac_cv_target=x86_64-apple-darwin19.6.0
am_cv_CC_dependencies_compiler_type=gcc3
am_cv_CXX_dependencies_compiler_type=gcc3
am_cv_make_support_nested_variables=yes
am_cv_prog_cc_c_o=yes
lt_cv_apple_cc_single_mod=yes
lt_cv_ar_at_file=no
lt_cv_deplibs_check_method=pass_all
lt_cv_file_magic_cmd='$MAGIC_CMD'
lt_cv_file_magic_test_file=
lt_cv_ld_exported_symbols_list=yes
lt_cv_ld_force_load=yes
lt_cv_ld_reload_flag=-r
lt_cv_nm_interface='BSD nm'
lt_cv_objdir=.libs
lt_cv_path_LD=/Applications/Xcode_12.app/Contents/Developer/Toolchains/XcodeDefault.xctoolchain/usr/bin/ld
lt_cv_path_LDCXX=/Applications/Xcode_12.app/Contents/Developer/Toolchains/XcodeDefault.xctoolchain/usr/bin/ld
lt_cv_path_NM='/usr/bin/nm -B'
lt_cv_path_mainfest_tool=no
lt_cv_prog_compiler_c_o=yes
lt_cv_prog_compiler_c_o_CXX=yes
lt_cv_prog_compiler_pic='-fno-common -DPIC'
lt_cv_prog_compiler_pic_CXX='-fno-common -DPIC'
lt_cv_prog_compiler_pic_works=yes
lt_cv_prog_compiler_pic_works_CXX=yes
lt_cv_prog_compiler_rtti_exceptions=yes
lt_cv_prog_compiler_static_works=no
lt_cv_prog_compiler_static_works_CXX=no
lt_cv_prog_gnu_ld=no
lt_cv_prog_gnu_ldcxx=no
lt_cv_sharedlib_from_linklib_cmd='printf %s\n'
lt_cv_sys_global_symbol_pipe='sed -n -e '\''s/^.*[	 ]\([BCDEGRST][BCDEGRST]*\)[	 ][	 ]*_\([_A-Za-z][_A-Za-z0-9]*\)$/\1 _\2 \2/p'\'' | sed '\''/ __gnu_lto/d'\'''
lt_cv_sys_global_symbol_to_c_name_address='sed -n -e '\''s/^: \(.*\) .*$/  {"\1", (void *) 0},/p'\'' -e '\''s/^[BCDEGRST][BCDEGRST]* .* \(.*\)$/  {"\1", (void *) \&\1},/p'\'''
lt_cv_sys_global_symbol_to_c_name_address_lib_prefix='sed -n -e '\''s/^: \(.*\) .*$/  {"\1", (void *) 0},/p'\'' -e '\''s/^[BCDEGRST][BCDEGRST]* .* \(lib.*\)$/  {"\1", (void *) \&\1},/p'\'' -e '\''s/^[BCDEGRST][BCDEGRST]* .* \(.*\)$/  {"lib\1", (void *) \&\1},/p'\'''
lt_cv_sys_global_symbol_to_cdecl='sed -n -e '\''s/^T .* \(.*\)$/extern int \1();/p'\'' -e '\''s/^[BCDEGRST][BCDEGRST]* .* \(.*\)$/extern char \1;/p'\'''
lt_cv_sys_global_symbol_to_import=
lt_cv_sys_max_cmd_len=196608
lt_cv_to_host_file_cmd=func_convert_file_noop
lt_cv_to_tool_file_cmd=func_convert_file_noop
lt_cv_truncate_bin='/bin/dd bs=4096 count=1'

## ----------------- ##
## Output variables. ##
## ----------------- ##

ACLOCAL='${SHELL} /Users/khimuninaa/Documents/proto/protobuf-swift/missing aclocal-1.16'
AMDEPBACKSLASH='\'
AMDEP_FALSE='#'
AMDEP_TRUE=''
AMTAR='$${TAR-tar}'
AM_BACKSLASH='\'
AM_DEFAULT_V='$(AM_DEFAULT_VERBOSITY)'
AM_DEFAULT_VERBOSITY='1'
AM_V='$(V)'
AR='ar'
AUTOCONF='${SHELL} /Users/khimuninaa/Documents/proto/protobuf-swift/missing autoconf'
AUTOHEADER='${SHELL} /Users/khimuninaa/Documents/proto/protobuf-swift/missing autoheader'
AUTOMAKE='${SHELL} /Users/khimuninaa/Documents/proto/protobuf-swift/missing automake-1.16'
AWK='awk'
CC='gcc'
CCDEPMODE='depmode=gcc3'
CFLAGS='-g -O2 -DOBJC_ARC'
CPP='gcc -E'
CPPFLAGS=''
CXX='g++'
CXXCPP='g++ -E'
CXXDEPMODE='depmode=gcc3'
CXXFLAGS='-I/usr/local/include'
CYGPATH_W='echo'
DEFS=''
DEPDIR='.deps'
DLLTOOL='false'
DSYMUTIL='dsymutil'
DUMPBIN=''
ECHO_C='\c'
ECHO_N=''
ECHO_T=''
EGREP='/usr/bin/grep -E'
EXEEXT=''
FGREP='/usr/bin/grep -F'
GREP='/usr/bin/grep'
INSTALL_DATA='${INSTALL} -m 644'
INSTALL_PROGRAM='${INSTALL}'
INSTALL_SCRIPT='${INSTALL}'
INSTALL_STRIP_PROGRAM='$(install_sh) -c -s'
LD='/Applications/Xcode_12.app/Contents/Developer/Toolchains/XcodeDefault.xctoolchain/usr/bin/ld'
LDFLAGS='-L/usr/local/lib'
LIBOBJS=''
LIBS=' -lprotoc -lprotobuf -lpthread'
LIBTOOL='$(SHELL) $(top_builddir)/libtool'
LIPO='lipo'
LN_S='ln -s'
LTLIBOBJS=''
LT_SYS_LIBRARY_PATH=''
MAKEINFO='${SHELL} /Users/khimuninaa/Documents/proto/protobuf-swift/missing makeinfo'
MANIFEST_TOOL=':'
MKDIR_P='./install-sh -c -d'
NM='/usr/bin/nm -B'
NMEDIT='nmedit'
OBJDUMP='objdump'
OBJEXT='o'
OTOOL64=':'
OTOOL='otool'
PACKAGE='protobuf-plugin-swift'
PACKAGE_BUGREPORT='alexeyxo.gmail.com'
PACKAGE_NAME='protobuf-plugin-swift'
PACKAGE_STRING='protobuf-plugin-swift 1.0'
PACKAGE_TARNAME='protobuf-plugin-swift'
PACKAGE_URL=''
PACKAGE_VERSION='1.0'
PATH_SEPARATOR=':'
POW_LIB=''
RANLIB='ranlib'
SED='/usr/bin/sed'
SET_MAKE=''
SHELL='/bin/sh'
STRIP='strip'
VERSION='1.0'
ac_ct_AR='ar'
ac_ct_CC='gcc'
ac_ct_CXX='g++'
ac_ct_DUMPBIN=''
am__EXEEXT_FALSE=''
am__EXEEXT_TRUE=''
am__fastdepCC_FALSE='#'
am__fastdepCC_TRUE=''
am__fastdepCXX_FALSE='#'
am__fastdepCXX_TRUE=''
am__include='include'
am__isrc=''
am__leading_dot='.'
am__nodep='_no'
am__quote=''
am__tar='$${TAR-tar} chof - "$$tardir"'
am__untar='$${TAR-tar} xf -'
bindir='${exec_prefix}/bin'
build='x86_64-apple-darwin19.6.0'
build_alias=''
build_cpu='x86_64'
build_os='darwin19.6.0'
build_vendor='apple'
datadir='${datarootdir}'
datarootdir='${prefix}/share'
docdir='${datarootdir}/doc/${PACKAGE_TARNAME}'
dvidir='${docdir}'
exec_prefix='NONE'
host='x86_64-apple-darwin19.6.0'
host_alias=''
host_cpu='x86_64'
host_os='darwin19.6.0'
host_vendor='apple'
htmldir='${docdir}'
includedir='${prefix}/include'
infodir='${datarootdir}/info'
install_sh='${SHELL} /Users/khimuninaa/Documents/proto/protobuf-swift/install-sh'
libdir='${exec_prefix}/lib'
libexecdir='${exec_prefix}/libexec'
localedir='${datarootdir}/locale'
localstatedir='${prefix}/var'
mandir='${datarootdir}/man'
mkdir_p='$(MKDIR_P)'
oldincludedir='/usr/include'
pdfdir='${docdir}'
prefix='NONE'
program_transform_name='s,x,x,'
psdir='${docdir}'
sbindir='${exec_prefix}/sbin'
sharedstatedir='${prefix}/com'
sysconfdir='${prefix}/etc'
target='x86_64-apple-darwin19.6.0'
target_alias=''
target_cpu='x86_64'
target_os='darwin19.6.0'
target_vendor='apple'

## ----------- ##
## confdefs.h. ##
## ----------- ##

/* confdefs.h */
#define PACKAGE_NAME "protobuf-plugin-swift"
#define PACKAGE_TARNAME "protobuf-plugin-swift"
#define PACKAGE_VERSION "1.0"
#define PACKAGE_STRING "protobuf-plugin-swift 1.0"
#define PACKAGE_BUGREPORT "alexeyxo.gmail.com"
#define PACKAGE_URL ""
#define PACKAGE "protobuf-plugin-swift"
#define VERSION "1.0"
#define STDC_HEADERS 1
#define HAVE_SYS_TYPES_H 1
#define HAVE_SYS_STAT_H 1
#define HAVE_STDLIB_H 1
#define HAVE_STRING_H 1
#define HAVE_MEMORY_H 1
#define HAVE_STRINGS_H 1
#define HAVE_INTTYPES_H 1
#define HAVE_STDINT_H 1
#define HAVE_UNISTD_H 1
#define HAVE_DLFCN_H 1
#define LT_OBJDIR ".libs/"
#define STDC_HEADERS 1
#define HAVE_FCNTL_H 1
#define HAVE_INTTYPES_H 1
#define HAVE_LIMITS_H 1
#define HAVE_STDLIB_H 1
#define HAVE_UNISTD_H 1
#define HAVE_FTRUNCATE 1
#define HAVE_MEMSET 1
#define HAVE_MKDIR 1
#define HAVE_STRCHR 1
#define HAVE_STRERROR 1
#define HAVE_STRTOL 1

configure: exit 1
